<?xml version="1.0" encoding="UTF-8"?>
<!-- Generated by org.testng.reporters.JUnitReportReporter -->
<testsuite hostname="LAPTOP-3CF81NRV" failures="0" tests="3" name="qa.testcase.LoginTC" time="20.566" errors="0" timestamp="2021-04-21T17:01:39 IST" skipped="0">
  <testcase classname="qa.testcase.LoginTC" name="crmlogoImageTest" time="0.123"/>
  <system-out/>
  <testcase classname="qa.testcase.LoginTC" name="loginPageTitleTest" time="0.015"/>
  <system-out/>
  <testcase classname="qa.testcase.LoginTC" name="logintest" time="20.428"/>
  <system-out/>
</testsuite> <!-- qa.testcase.LoginTC -->
